<?xml version="1.0" encoding="UTF-8"?>
<!-- Generated by org.testng.reporters.JUnitXMLReporter -->
<testsuite ignored="0" hostname="DESKTOP-7H6R1R9" failures="0" tests="18" name="MovieAppTest" time="119.809" errors="0" timestamp="2024-02-20T23:12:52 IST">
  <testcase classname="AccountPageTest" name="testAccountPageUI" time="1.608"/>
  <testcase classname="SearchPageTest" name="searchFunctionalityTest1" time="3.561"/>
  <testcase classname="AccountPageTest" name="testLogoutFunctionality" time="0.95"/>
  <testcase classname="SearchPageTest" name="searchFunctionalityTest2" time="1.843"/>
  <testcase classname="HeaderSectionTest" name="testHeaderSectionUI" time="0.887"/>
  <testcase classname="HomePageTest" name="testHeadingsOfEachSection" time="0.231"/>
  <testcase classname="HeaderSectionTest" name="testHeaderSectionFunctionalities" time="1.912"/>
  <testcase classname="HomePageTest" name="testPlayButtonIsDisplayed" time="0.313"/>
  <testcase classname="MovieDetailsPageTest" name="testHomePageOneMovie" time="3.672"/>
  <testcase classname="HomePageTest" name="testContactUsSection" time="0.437"/>
  <testcase classname="MovieDetailsPageTest" name="testPopularPageOneMovie" time="3.077"/>
  <testcase classname="LoginPageTest" name="testLoginPageUI" time="0.268"/>
  <testcase classname="PopularPageTest" name="testMoviesDisplayed" time="2.535"/>
  <testcase classname="LoginPageTest" name="testLoginWithEmptyInputs" time="2.075"/>
  <testcase classname="LoginPageTest" name="testLoginWithEmptyUsername" time="1.325"/>
  <testcase classname="LoginPageTest" name="testLoginWithEmptyPassword" time="1.305"/>
  <testcase classname="LoginPageTest" name="testLoginWithInvalidCred" time="1.17"/>
  <testcase classname="LoginPageTest" name="testLoginWithValidCred" time="1.602"/>
</testsuite> <!-- MovieAppTest -->
