<?xml version="1.0" encoding="UTF-8"?>
<testng-results ignored="0" total="18" passed="18" failed="0" skipped="0">
  <reporter-output>
  </reporter-output>
  <suite started-at="2024-02-20T23:10:52 IST" name="MovieAppTestSuite" finished-at="2024-02-20T23:12:52 IST" duration-ms="119809">
    <groups>
    </groups>
    <test started-at="2024-02-20T23:10:52 IST" name="MovieAppTest" finished-at="2024-02-20T23:12:52 IST" duration-ms="119809">
      <class name="SearchPageTest">
        <test-method is-config="true" signature="setUp()[pri:0, instance:SearchPageTest@140c9f39]" started-at="2024-02-20T23:10:52 IST" name="setUp" finished-at="2024-02-20T23:11:05 IST" duration-ms="13349" status="PASS">
          <reporter-output>
          </reporter-output>
        </test-method> <!-- setUp -->
        <test-method signature="searchFunctionalityTest1()[pri:1, instance:SearchPageTest@140c9f39]" started-at="2024-02-20T23:11:05 IST" name="searchFunctionalityTest1" finished-at="2024-02-20T23:11:09 IST" duration-ms="3561" status="PASS">
          <reporter-output>
          </reporter-output>
        </test-method> <!-- searchFunctionalityTest1 -->
        <test-method is-config="true" signature="tearDown()[pri:0, instance:SearchPageTest@140c9f39]" started-at="2024-02-20T23:11:09 IST" name="tearDown" finished-at="2024-02-20T23:11:10 IST" duration-ms="1346" status="PASS">
          <reporter-output>
          </reporter-output>
        </test-method> <!-- tearDown -->
        <test-method is-config="true" signature="setUp()[pri:0, instance:SearchPageTest@140c9f39]" started-at="2024-02-20T23:11:10 IST" name="setUp" finished-at="2024-02-20T23:11:19 IST" duration-ms="9204" status="PASS">
          <reporter-output>
          </reporter-output>
        </test-method> <!-- setUp -->
        <test-method signature="searchFunctionalityTest2()[pri:2, instance:SearchPageTest@140c9f39]" started-at="2024-02-20T23:11:19 IST" name="searchFunctionalityTest2" finished-at="2024-02-20T23:11:21 IST" duration-ms="1843" status="PASS">
          <reporter-output>
          </reporter-output>
        </test-method> <!-- searchFunctionalityTest2 -->
        <test-method is-config="true" signature="tearDown()[pri:0, instance:SearchPageTest@140c9f39]" started-at="2024-02-20T23:11:21 IST" name="tearDown" finished-at="2024-02-20T23:11:22 IST" duration-ms="864" status="PASS">
          <reporter-output>
          </reporter-output>
        </test-method> <!-- tearDown -->
      </class> <!-- SearchPageTest -->
      <class name="MovieDetailsPageTest">
        <test-method is-config="true" signature="setUp()[pri:0, instance:MovieDetailsPageTest@4d910fd6]" started-at="2024-02-20T23:11:42 IST" name="setUp" finished-at="2024-02-20T23:11:49 IST" duration-ms="6942" status="PASS">
          <reporter-output>
          </reporter-output>
        </test-method> <!-- setUp -->
        <test-method signature="testHomePageOneMovie()[pri:1, instance:MovieDetailsPageTest@4d910fd6]" started-at="2024-02-20T23:11:49 IST" name="testHomePageOneMovie" finished-at="2024-02-20T23:11:53 IST" duration-ms="3672" status="PASS">
          <reporter-output>
          </reporter-output>
        </test-method> <!-- testHomePageOneMovie -->
        <test-method is-config="true" signature="tearDown()[pri:0, instance:MovieDetailsPageTest@4d910fd6]" started-at="2024-02-20T23:11:53 IST" name="tearDown" finished-at="2024-02-20T23:11:54 IST" duration-ms="1085" status="PASS">
          <reporter-output>
          </reporter-output>
        </test-method> <!-- tearDown -->
        <test-method is-config="true" signature="setUp()[pri:0, instance:MovieDetailsPageTest@4d910fd6]" started-at="2024-02-20T23:11:54 IST" name="setUp" finished-at="2024-02-20T23:12:00 IST" duration-ms="6034" status="PASS">
          <reporter-output>
          </reporter-output>
        </test-method> <!-- setUp -->
        <test-method signature="testPopularPageOneMovie()[pri:2, instance:MovieDetailsPageTest@4d910fd6]" started-at="2024-02-20T23:12:00 IST" name="testPopularPageOneMovie" finished-at="2024-02-20T23:12:03 IST" duration-ms="3077" status="PASS">
          <reporter-output>
          </reporter-output>
        </test-method> <!-- testPopularPageOneMovie -->
        <test-method is-config="true" signature="tearDown()[pri:0, instance:MovieDetailsPageTest@4d910fd6]" started-at="2024-02-20T23:12:03 IST" name="tearDown" finished-at="2024-02-20T23:12:04 IST" duration-ms="853" status="PASS">
          <reporter-output>
          </reporter-output>
        </test-method> <!-- tearDown -->
      </class> <!-- MovieDetailsPageTest -->
      <class name="PopularPageTest">
        <test-method is-config="true" signature="setUp()[pri:0, instance:PopularPageTest@1f97cf0d]" started-at="2024-02-20T23:12:04 IST" name="setUp" finished-at="2024-02-20T23:12:11 IST" duration-ms="7118" status="PASS">
          <reporter-output>
          </reporter-output>
        </test-method> <!-- setUp -->
        <test-method signature="testMoviesDisplayed()[pri:1, instance:PopularPageTest@1f97cf0d]" started-at="2024-02-20T23:12:11 IST" name="testMoviesDisplayed" finished-at="2024-02-20T23:12:14 IST" duration-ms="2535" status="PASS">
          <reporter-output>
          </reporter-output>
        </test-method> <!-- testMoviesDisplayed -->
        <test-method is-config="true" signature="tearDown()[pri:0, instance:PopularPageTest@1f97cf0d]" started-at="2024-02-20T23:12:14 IST" name="tearDown" finished-at="2024-02-20T23:12:15 IST" duration-ms="1137" status="PASS">
          <reporter-output>
          </reporter-output>
        </test-method> <!-- tearDown -->
      </class> <!-- PopularPageTest -->
      <class name="LoginPageTest">
        <test-method is-config="true" signature="setUp()[pri:0, instance:LoginPageTest@2f54a33d]" started-at="2024-02-20T23:11:56 IST" name="setUp" finished-at="2024-02-20T23:12:05 IST" duration-ms="8716" status="PASS">
          <reporter-output>
          </reporter-output>
        </test-method> <!-- setUp -->
        <test-method signature="testLoginPageUI()[pri:1, instance:LoginPageTest@2f54a33d]" started-at="2024-02-20T23:12:05 IST" name="testLoginPageUI" finished-at="2024-02-20T23:12:05 IST" duration-ms="268" status="PASS">
          <reporter-output>
          </reporter-output>
        </test-method> <!-- testLoginPageUI -->
        <test-method is-config="true" signature="tearDown()[pri:0, instance:LoginPageTest@2f54a33d]" started-at="2024-02-20T23:12:05 IST" name="tearDown" finished-at="2024-02-20T23:12:07 IST" duration-ms="1980" status="PASS">
          <reporter-output>
          </reporter-output>
        </test-method> <!-- tearDown -->
        <test-method is-config="true" signature="setUp()[pri:0, instance:LoginPageTest@2f54a33d]" started-at="2024-02-20T23:12:07 IST" name="setUp" finished-at="2024-02-20T23:12:12 IST" duration-ms="5148" status="PASS">
          <reporter-output>
          </reporter-output>
        </test-method> <!-- setUp -->
        <test-method signature="testLoginWithEmptyInputs()[pri:2, instance:LoginPageTest@2f54a33d]" started-at="2024-02-20T23:12:12 IST" name="testLoginWithEmptyInputs" finished-at="2024-02-20T23:12:14 IST" duration-ms="2075" status="PASS">
          <reporter-output>
          </reporter-output>
        </test-method> <!-- testLoginWithEmptyInputs -->
        <test-method is-config="true" signature="tearDown()[pri:0, instance:LoginPageTest@2f54a33d]" started-at="2024-02-20T23:12:14 IST" name="tearDown" finished-at="2024-02-20T23:12:15 IST" duration-ms="1004" status="PASS">
          <reporter-output>
          </reporter-output>
        </test-method> <!-- tearDown -->
        <test-method is-config="true" signature="setUp()[pri:0, instance:LoginPageTest@2f54a33d]" started-at="2024-02-20T23:12:15 IST" name="setUp" finished-at="2024-02-20T23:12:24 IST" duration-ms="8678" status="PASS">
          <reporter-output>
          </reporter-output>
        </test-method> <!-- setUp -->
        <test-method signature="testLoginWithEmptyUsername()[pri:3, instance:LoginPageTest@2f54a33d]" started-at="2024-02-20T23:12:24 IST" name="testLoginWithEmptyUsername" finished-at="2024-02-20T23:12:25 IST" duration-ms="1325" status="PASS">
          <reporter-output>
          </reporter-output>
        </test-method> <!-- testLoginWithEmptyUsername -->
        <test-method is-config="true" signature="tearDown()[pri:0, instance:LoginPageTest@2f54a33d]" started-at="2024-02-20T23:12:25 IST" name="tearDown" finished-at="2024-02-20T23:12:26 IST" duration-ms="789" status="PASS">
          <reporter-output>
          </reporter-output>
        </test-method> <!-- tearDown -->
        <test-method is-config="true" signature="setUp()[pri:0, instance:LoginPageTest@2f54a33d]" started-at="2024-02-20T23:12:26 IST" name="setUp" finished-at="2024-02-20T23:12:33 IST" duration-ms="7142" status="PASS">
          <reporter-output>
          </reporter-output>
        </test-method> <!-- setUp -->
        <test-method signature="testLoginWithEmptyPassword()[pri:4, instance:LoginPageTest@2f54a33d]" started-at="2024-02-20T23:12:33 IST" name="testLoginWithEmptyPassword" finished-at="2024-02-20T23:12:35 IST" duration-ms="1305" status="PASS">
          <reporter-output>
          </reporter-output>
        </test-method> <!-- testLoginWithEmptyPassword -->
        <test-method is-config="true" signature="tearDown()[pri:0, instance:LoginPageTest@2f54a33d]" started-at="2024-02-20T23:12:35 IST" name="tearDown" finished-at="2024-02-20T23:12:35 IST" duration-ms="804" status="PASS">
          <reporter-output>
          </reporter-output>
        </test-method> <!-- tearDown -->
        <test-method is-config="true" signature="setUp()[pri:0, instance:LoginPageTest@2f54a33d]" started-at="2024-02-20T23:12:35 IST" name="setUp" finished-at="2024-02-20T23:12:41 IST" duration-ms="5601" status="PASS">
          <reporter-output>
          </reporter-output>
        </test-method> <!-- setUp -->
        <test-method signature="testLoginWithInvalidCred()[pri:4, instance:LoginPageTest@2f54a33d]" started-at="2024-02-20T23:12:41 IST" name="testLoginWithInvalidCred" finished-at="2024-02-20T23:12:42 IST" duration-ms="1170" status="PASS">
          <reporter-output>
          </reporter-output>
        </test-method> <!-- testLoginWithInvalidCred -->
        <test-method is-config="true" signature="tearDown()[pri:0, instance:LoginPageTest@2f54a33d]" started-at="2024-02-20T23:12:42 IST" name="tearDown" finished-at="2024-02-20T23:12:43 IST" duration-ms="762" status="PASS">
          <reporter-output>
          </reporter-output>
        </test-method> <!-- tearDown -->
        <test-method is-config="true" signature="setUp()[pri:0, instance:LoginPageTest@2f54a33d]" started-at="2024-02-20T23:12:43 IST" name="setUp" finished-at="2024-02-20T23:12:49 IST" duration-ms="5807" status="PASS">
          <reporter-output>
          </reporter-output>
        </test-method> <!-- setUp -->
        <test-method signature="testLoginWithValidCred()[pri:5, instance:LoginPageTest@2f54a33d]" started-at="2024-02-20T23:12:49 IST" name="testLoginWithValidCred" finished-at="2024-02-20T23:12:50 IST" duration-ms="1602" status="PASS">
          <reporter-output>
          </reporter-output>
        </test-method> <!-- testLoginWithValidCred -->
        <test-method is-config="true" signature="tearDown()[pri:0, instance:LoginPageTest@2f54a33d]" started-at="2024-02-20T23:12:50 IST" name="tearDown" finished-at="2024-02-20T23:12:52 IST" duration-ms="1240" status="PASS">
          <reporter-output>
          </reporter-output>
        </test-method> <!-- tearDown -->
      </class> <!-- LoginPageTest -->
      <class name="AccountPageTest">
        <test-method is-config="true" signature="setUp()[pri:0, instance:AccountPageTest@26275bef]" started-at="2024-02-20T23:10:52 IST" name="setUp" finished-at="2024-02-20T23:11:04 IST" duration-ms="11822" status="PASS">
          <reporter-output>
          </reporter-output>
        </test-method> <!-- setUp -->
        <test-method signature="testAccountPageUI()[pri:1, instance:AccountPageTest@26275bef]" started-at="2024-02-20T23:11:04 IST" name="testAccountPageUI" finished-at="2024-02-20T23:11:05 IST" duration-ms="1608" status="PASS">
          <reporter-output>
          </reporter-output>
        </test-method> <!-- testAccountPageUI -->
        <test-method is-config="true" signature="tearDown()[pri:0, instance:AccountPageTest@26275bef]" started-at="2024-02-20T23:11:05 IST" name="tearDown" finished-at="2024-02-20T23:11:07 IST" duration-ms="1148" status="PASS">
          <reporter-output>
          </reporter-output>
        </test-method> <!-- tearDown -->
        <test-method is-config="true" signature="setUp()[pri:0, instance:AccountPageTest@26275bef]" started-at="2024-02-20T23:11:07 IST" name="setUp" finished-at="2024-02-20T23:11:15 IST" duration-ms="8521" status="PASS">
          <reporter-output>
          </reporter-output>
        </test-method> <!-- setUp -->
        <test-method signature="testLogoutFunctionality()[pri:2, instance:AccountPageTest@26275bef]" started-at="2024-02-20T23:11:15 IST" name="testLogoutFunctionality" finished-at="2024-02-20T23:11:16 IST" duration-ms="950" status="PASS">
          <reporter-output>
          </reporter-output>
        </test-method> <!-- testLogoutFunctionality -->
        <test-method is-config="true" signature="tearDown()[pri:0, instance:AccountPageTest@26275bef]" started-at="2024-02-20T23:11:16 IST" name="tearDown" finished-at="2024-02-20T23:11:17 IST" duration-ms="864" status="PASS">
          <reporter-output>
          </reporter-output>
        </test-method> <!-- tearDown -->
      </class> <!-- AccountPageTest -->
      <class name="HomePageTest">
        <test-method is-config="true" signature="setUp()[pri:0, instance:HomePageTest@51f116b8]" started-at="2024-02-20T23:11:22 IST" name="setUp" finished-at="2024-02-20T23:11:30 IST" duration-ms="7743" status="PASS">
          <reporter-output>
          </reporter-output>
        </test-method> <!-- setUp -->
        <test-method signature="testHeadingsOfEachSection()[pri:1, instance:HomePageTest@51f116b8]" started-at="2024-02-20T23:11:30 IST" name="testHeadingsOfEachSection" finished-at="2024-02-20T23:11:30 IST" duration-ms="231" status="PASS">
          <reporter-output>
          </reporter-output>
        </test-method> <!-- testHeadingsOfEachSection -->
        <test-method is-config="true" signature="tearDown()[pri:0, instance:HomePageTest@51f116b8]" started-at="2024-02-20T23:11:30 IST" name="tearDown" finished-at="2024-02-20T23:11:31 IST" duration-ms="895" status="PASS">
          <reporter-output>
          </reporter-output>
        </test-method> <!-- tearDown -->
        <test-method is-config="true" signature="setUp()[pri:0, instance:HomePageTest@51f116b8]" started-at="2024-02-20T23:11:31 IST" name="setUp" finished-at="2024-02-20T23:11:44 IST" duration-ms="13455" status="PASS">
          <reporter-output>
          </reporter-output>
        </test-method> <!-- setUp -->
        <test-method signature="testPlayButtonIsDisplayed()[pri:2, instance:HomePageTest@51f116b8]" started-at="2024-02-20T23:11:44 IST" name="testPlayButtonIsDisplayed" finished-at="2024-02-20T23:11:45 IST" duration-ms="313" status="PASS">
          <reporter-output>
          </reporter-output>
        </test-method> <!-- testPlayButtonIsDisplayed -->
        <test-method is-config="true" signature="tearDown()[pri:0, instance:HomePageTest@51f116b8]" started-at="2024-02-20T23:11:45 IST" name="tearDown" finished-at="2024-02-20T23:11:46 IST" duration-ms="942" status="PASS">
          <reporter-output>
          </reporter-output>
        </test-method> <!-- tearDown -->
        <test-method is-config="true" signature="setUp()[pri:0, instance:HomePageTest@51f116b8]" started-at="2024-02-20T23:11:46 IST" name="setUp" finished-at="2024-02-20T23:11:54 IST" duration-ms="8571" status="PASS">
          <reporter-output>
          </reporter-output>
        </test-method> <!-- setUp -->
        <test-method signature="testContactUsSection()[pri:3, instance:HomePageTest@51f116b8]" started-at="2024-02-20T23:11:54 IST" name="testContactUsSection" finished-at="2024-02-20T23:11:55 IST" duration-ms="437" status="PASS">
          <reporter-output>
          </reporter-output>
        </test-method> <!-- testContactUsSection -->
        <test-method is-config="true" signature="tearDown()[pri:0, instance:HomePageTest@51f116b8]" started-at="2024-02-20T23:11:55 IST" name="tearDown" finished-at="2024-02-20T23:11:56 IST" duration-ms="1370" status="PASS">
          <reporter-output>
          </reporter-output>
        </test-method> <!-- tearDown -->
      </class> <!-- HomePageTest -->
      <class name="HeaderSectionTest">
        <test-method is-config="true" signature="setUp()[pri:0, instance:HeaderSectionTest@19d481b]" started-at="2024-02-20T23:11:17 IST" name="setUp" finished-at="2024-02-20T23:11:26 IST" duration-ms="8782" status="PASS">
          <reporter-output>
          </reporter-output>
        </test-method> <!-- setUp -->
        <test-method signature="testHeaderSectionUI()[pri:1, instance:HeaderSectionTest@19d481b]" started-at="2024-02-20T23:11:26 IST" name="testHeaderSectionUI" finished-at="2024-02-20T23:11:27 IST" duration-ms="887" status="PASS">
          <reporter-output>
          </reporter-output>
        </test-method> <!-- testHeaderSectionUI -->
        <test-method is-config="true" signature="tearDown()[pri:0, instance:HeaderSectionTest@19d481b]" started-at="2024-02-20T23:11:27 IST" name="tearDown" finished-at="2024-02-20T23:11:27 IST" duration-ms="764" status="PASS">
          <reporter-output>
          </reporter-output>
        </test-method> <!-- tearDown -->
        <test-method is-config="true" signature="setUp()[pri:0, instance:HeaderSectionTest@19d481b]" started-at="2024-02-20T23:11:27 IST" name="setUp" finished-at="2024-02-20T23:11:40 IST" duration-ms="12186" status="PASS">
          <reporter-output>
          </reporter-output>
        </test-method> <!-- setUp -->
        <test-method signature="testHeaderSectionFunctionalities()[pri:2, instance:HeaderSectionTest@19d481b]" started-at="2024-02-20T23:11:40 IST" name="testHeaderSectionFunctionalities" finished-at="2024-02-20T23:11:41 IST" duration-ms="1912" status="PASS">
          <reporter-output>
          </reporter-output>
        </test-method> <!-- testHeaderSectionFunctionalities -->
        <test-method is-config="true" signature="tearDown()[pri:0, instance:HeaderSectionTest@19d481b]" started-at="2024-02-20T23:11:41 IST" name="tearDown" finished-at="2024-02-20T23:11:42 IST" duration-ms="829" status="PASS">
          <reporter-output>
          </reporter-output>
        </test-method> <!-- tearDown -->
      </class> <!-- HeaderSectionTest -->
    </test> <!-- MovieAppTest -->
  </suite> <!-- MovieAppTestSuite -->
</testng-results>
